Unity Editor version:    2020.3.25f1c1 (fd09ccef852e)
Branch:                  2020.3/china_unity/release
Build type:              Release
Batch mode:              YES
macOS version:           Version 12.6 (Build 21G115)
Darwin version:          21.6.0
Architecture:            x86_64
Running under Rosetta:   NO
Available memory:        8192 MB
Using pre-set license
Pro License: NO

COMMAND LINE ARGUMENTS:
/Applications/Unity/Hub/Editor/2020.3.25f1c1/Unity.app/Contents/MacOS/Unity
-adb2
-batchMode
-noUpm
-name
AssetImportWorker0
-projectPath
/Users/tal/fight
-logFile
Logs/AssetImportWorker0.log
-srvPort
56314
Successfully changed project path to: /Users/tal/fight
/Users/tal/fight
Using Asset Import Pipeline V2.
AS: AutoStreaming module initializing.Refreshing native plugins compatible for Editor in 62.40 ms, found 3 plugins.
Preloading 0 native plugins for Editor in 0.00 ms.
Initialize engine version: 2020.3.25f1c1 (fd09ccef852e)
[Subsystems] Discovering subsystems at path /Applications/Unity/Hub/Editor/2020.3.25f1c1/Unity.app/Contents/Resources/UnitySubsystems
[Subsystems] Discovering subsystems at path /Users/tal/fight/Assets
GfxDevice: creating device client; threaded=0
2024-08-12 18:05:05.986 Unity[6028:236388] Color LCD preferred device: Intel(R) Iris(TM) Plus Graphics 655 (low power)
2024-08-12 18:05:05.986 Unity[6028:236388] Metal devices available: 1
2024-08-12 18:05:05.986 Unity[6028:236388] 0: Intel(R) Iris(TM) Plus Graphics 655 (low power)
2024-08-12 18:05:05.986 Unity[6028:236388] Using device Intel(R) Iris(TM) Plus Graphics 655 (low power)
Initializing Metal device caps: Intel(R) Iris(TM) Plus Graphics 655
Initialize mono
Mono path[0] = '/Applications/Unity/Hub/Editor/2020.3.25f1c1/Unity.app/Contents/Managed'
Mono path[1] = '/Applications/Unity/Hub/Editor/2020.3.25f1c1/Unity.app/Contents/MonoBleedingEdge/lib/mono/unityjit'
Mono config path = '/Applications/Unity/Hub/Editor/2020.3.25f1c1/Unity.app/Contents/MonoBleedingEdge/etc'
Using monoOptions --debugger-agent=transport=dt_socket,embedding=1,server=y,suspend=n,address=127.0.0.1:56028
Begin MonoManager ReloadAssembly
Registering precompiled unity dll's ...
Register platform support module: /Applications/Unity/Hub/Editor/2020.3.25f1c1/PlaybackEngines/WebGLSupport/UnityEditor.WebGL.Extensions.dll
Register platform support module: /Applications/Unity/Hub/Editor/2020.3.25f1c1/Unity.app/Contents/PlaybackEngines/MacStandaloneSupport/UnityEditor.OSXStandalone.Extensions.dll
Register platform support module: /Applications/Unity/Hub/Editor/2020.3.25f1c1/PlaybackEngines/WindowsStandaloneSupport/UnityEditor.WindowsStandalone.Extensions.dll
Register platform support module: /Applications/Unity/Hub/Editor/2020.3.25f1c1/PlaybackEngines/LinuxStandaloneSupport/UnityEditor.LinuxStandalone.Extensions.dll
Registered in 0.009099 seconds.
Native extension for LinuxStandalone target not found
Native extension for WindowsStandalone target not found
Native extension for OSXStandalone target not found
Native extension for WebGL target not found
Refreshing native plugins compatible for Editor in 52.42 ms, found 3 plugins.
Preloading 0 native plugins for Editor in 0.00 ms.
Mono: successfully reloaded assembly
- Completed reload, in  0.703 seconds
Domain Reload Profiling:
	ReloadAssembly (703ms)
		BeginReloadAssembly (45ms)
			ExecutionOrderSort (0ms)
			DisableScriptedObjects (0ms)
			BackupInstance (0ms)
			ReleaseScriptingObjects (0ms)
			CreateAndSetChildDomain (1ms)
		EndReloadAssembly (565ms)
			LoadAssemblies (48ms)
			RebuildTransferFunctionScriptingTraits (0ms)
			SetupTypeCache (204ms)
			ReleaseScriptCaches (0ms)
			RebuildScriptCaches (42ms)
			SetupLoadedEditorAssemblies (221ms)
				LogAssemblyErrors (0ms)
				InitializePlatformSupportModulesInManaged (7ms)
				SetLoadedEditorAssemblies (0ms)
				RefreshPlugins (52ms)
				BeforeProcessingInitializeOnLoad (12ms)
				ProcessInitializeOnLoadAttributes (117ms)
				ProcessInitializeOnLoadMethodAttributes (32ms)
				AfterProcessingInitializeOnLoad (0ms)
				EditorAssembliesLoaded (0ms)
			ExecutionOrderSort2 (0ms)
			AwakeInstancesAfterBackupRestoration (0ms)
Platform modules already initialized, skipping
Registering precompiled user dll's ...
Registered in 0.008912 seconds.
Begin MonoManager ReloadAssembly
Native extension for LinuxStandalone target not found
Native extension for WindowsStandalone target not found
Native extension for OSXStandalone target not found
Native extension for WebGL target not found
Refreshing native plugins compatible for Editor in 51.08 ms, found 3 plugins.
Preloading 0 native plugins for Editor in 0.00 ms.
Mono: successfully reloaded assembly
- Completed reload, in  1.334 seconds
Domain Reload Profiling:
	ReloadAssembly (1336ms)
		BeginReloadAssembly (160ms)
			ExecutionOrderSort (0ms)
			DisableScriptedObjects (6ms)
			BackupInstance (0ms)
			ReleaseScriptingObjects (0ms)
			CreateAndSetChildDomain (29ms)
		EndReloadAssembly (1111ms)
			LoadAssemblies (106ms)
			RebuildTransferFunctionScriptingTraits (0ms)
			SetupTypeCache (397ms)
			ReleaseScriptCaches (1ms)
			RebuildScriptCaches (64ms)
			SetupLoadedEditorAssemblies (398ms)
				LogAssemblyErrors (0ms)
				InitializePlatformSupportModulesInManaged (5ms)
				SetLoadedEditorAssemblies (0ms)
				RefreshPlugins (51ms)
				BeforeProcessingInitializeOnLoad (76ms)
				ProcessInitializeOnLoadAttributes (243ms)
				ProcessInitializeOnLoadMethodAttributes (22ms)
				AfterProcessingInitializeOnLoad (1ms)
				EditorAssembliesLoaded (0ms)
			ExecutionOrderSort2 (0ms)
			AwakeInstancesAfterBackupRestoration (8ms)
Platform modules already initialized, skipping
Validating Project structure ... 0.010540 seconds.

LICENSE SYSTEM [2024812 18:5:9] Next license update check is after 2024-08-13T09:58:39

Shader import version has changed; will reimport all shaders...
Upgrading shader files ...0.011536 seconds.
Application.AssetDatabase Initial Script Refresh Start
RefreshInfo: InitialScriptRefreshV2(NoUpdateAssetOptions) scanfilter:  ... 1 filters
RefreshProfiler: Total: 0.000ms
Application.AssetDatabase Initial Script Refresh End
Application.AssetDatabase.Refresh Start
Application.AssetDatabase.Refresh End
RefreshInfo: StopAssetImportingV2(ForceSynchronousImport) scanfilter: 
RefreshProfiler: Total: 0.000ms
Launching external process: /Applications/Unity/Hub/Editor/2020.3.25f1c1/Unity.app/Contents/Tools/UnityShaderCompiler
Launched and connected shader compiler UnityShaderCompiler after 0.01 seconds
Initializing Unity extensions:
2024-08-12 18:05:09.520 Unity[6028:236388] NSEventModifierFlagFunction specified to -setKeyEquivalentModifierMask: for item <NSMenuItem: 0x600002ee26f0 Font Asset, ke='Command-F12'>, but is only supported for system-provided menu items; will not be used
2024-08-12 18:05:09.523 Unity[6028:236388] NSEventModifierFlagFunction specified to -setKeyEquivalentModifierMask: for item <NSMenuItem: 0x600002ef3a30 Font Asset, ke='Command-F12'>, but is only supported for system-provided menu items; will not be used
========================================================================
Worker process is ready to serve import requests
Refreshing native plugins compatible for Editor in 0.54 ms, found 3 plugins.
Preloading 0 native plugins for Editor in 0.00 ms.
Unloading 2196 Unused Serialized files (Serialized files now loaded: 0)
System memory in use before: 197.4 MB.
System memory in use after: 196.7 MB.

Unloading 102 unused Assets to reduce memory usage. Loaded Objects now: 2670.
Total: 3.921466 ms (FindLiveObjects: 0.303265 ms CreateObjectMapping: 0.152064 ms MarkObjects: 2.981383 ms  DeleteObjects: 0.482914 ms)

AssetImportParameters requested are different than current active one (requested -> active):
  custom:video-decoder-ogg-theora: a1e56fd34408186e4bbccfd4996cb3dc -> 
  custom:container-muxer-webm: aa71ff27fc2769a1b78a27578f13a17b -> 
  custom:container-demuxer-webm: 4f35f7cbe854078d1ac9338744f61a02 -> 
  custom:container-demuxer-ogg: 62fdf1f143b41e24485cea50d1cbac27 -> 
  custom:video-encoder-webm-vp8: eb34c28f22e8b96e1ab97ce403110664 -> 
  custom:framework-osx-AVFoundation: e770b220cccbd017edd2c1fefb359320 -> 
  custom:video-decoder-webm-vp8: 9c59270c3fd7afecdb556c50c9e8de78 -> 
  custom:audio-decoder-ogg-vorbis: bf7c407c2cedff20999df2af8eb42d56 -> 
  custom:audio-encoder-webm-vorbis: bf7c407c2cedff20999df2af8eb42d56 -> 
========================================================================
Received Import Request.
  path: Assets/Graphics/Font/NerkoOne-Regular.ttf
  artifactKey: Guid(74661a95ecbbd114d907b55e47564d6a) Importer(815301076,1909f56bfc062723c751e8b465ee728b)
Start importing Assets/Graphics/Font/NerkoOne-Regular.ttf using Guid(74661a95ecbbd114d907b55e47564d6a) Importer(815301076,1909f56bfc062723c751e8b465ee728b)  -> (artifact id: '5352506ebbc87b92ef6f4ea9fbac3acb') in 2.799597 seconds 
  Import took 2.812605 seconds .

========================================================================
Received Import Request.
  Time since last request: 0.000863 seconds.
  path: Assets/Graphics/Font/SyneMono-Regular SDF.asset
  artifactKey: Guid(84bdc42b70bb5e54aa18bb33c1fa834e) Importer(815301076,1909f56bfc062723c751e8b465ee728b)
Start importing Assets/Graphics/Font/SyneMono-Regular SDF.asset using Guid(84bdc42b70bb5e54aa18bb33c1fa834e) Importer(815301076,1909f56bfc062723c751e8b465ee728b)  -> (artifact id: '54142e969f36772240ef648f8c5a4e9e') in 0.196829 seconds 
  Import took 0.206648 seconds .

========================================================================
Received Import Request.
  Time since last request: 0.000349 seconds.
  path: Assets/Graphics/Font/SyneMono-Regular.ttf
  artifactKey: Guid(42b4ab0313ed7344598f94460d918be9) Importer(815301076,1909f56bfc062723c751e8b465ee728b)
Start importing Assets/Graphics/Font/SyneMono-Regular.ttf using Guid(42b4ab0313ed7344598f94460d918be9) Importer(815301076,1909f56bfc062723c751e8b465ee728b)  -> (artifact id: 'b8e6dd1a676a10434a9fe648ef3fe830') in 0.012938 seconds 
  Import took 0.017751 seconds .

========================================================================
Received Import Request.
  Time since last request: 0.000285 seconds.
  path: Assets/Graphics/Font/NerkoOne-Regular SDF.asset
  artifactKey: Guid(4ce5ab5dc2586c14786c5fbd044c87df) Importer(815301076,1909f56bfc062723c751e8b465ee728b)
Start importing Assets/Graphics/Font/NerkoOne-Regular SDF.asset using Guid(4ce5ab5dc2586c14786c5fbd044c87df) Importer(815301076,1909f56bfc062723c751e8b465ee728b)  -> (artifact id: 'fedc8e753d942e628802bb522b4b2948') in 0.020161 seconds 
  Import took 0.024662 seconds .

========================================================================
Received Import Request.
  Time since last request: 24.573860 seconds.
  path: Assets/Graphics/Icons/BG 3c.png
  artifactKey: Guid(9c7355b0cb8a5024bba44738f70d9e74) Importer(815301076,1909f56bfc062723c751e8b465ee728b)
Start importing Assets/Graphics/Icons/BG 3c.png using Guid(9c7355b0cb8a5024bba44738f70d9e74) Importer(815301076,1909f56bfc062723c751e8b465ee728b)  -> (artifact id: '84612fad8487268e2e15f53cedd2ba4a') in 1.124063 seconds 
  Import took 1.137614 seconds .

========================================================================
Received Import Request.
  Time since last request: 0.000334 seconds.
  path: Assets/Graphics/Icons/BG 6.png
  artifactKey: Guid(a9ca9a41598dd2e44b125928045c518f) Importer(815301076,1909f56bfc062723c751e8b465ee728b)
Start importing Assets/Graphics/Icons/BG 6.png using Guid(a9ca9a41598dd2e44b125928045c518f) Importer(815301076,1909f56bfc062723c751e8b465ee728b)  -> (artifact id: '7bd029bf7a4f2098e707cfc1fe696930') in 0.908435 seconds 
  Import took 0.914182 seconds .

========================================================================
Received Import Request.
  Time since last request: 0.000262 seconds.
  path: Assets/Graphics/Icons/BG 7.png
  artifactKey: Guid(bdeaeacf91e805f449e7fa66d480d644) Importer(815301076,1909f56bfc062723c751e8b465ee728b)
Start importing Assets/Graphics/Icons/BG 7.png using Guid(bdeaeacf91e805f449e7fa66d480d644) Importer(815301076,1909f56bfc062723c751e8b465ee728b)  -> (artifact id: 'be34456d21cff037ae91d55f40aebf0e') in 0.946708 seconds 
  Import took 0.951983 seconds .

